c:\users\gaëtan\documents\c++\visual 2013\eyesengine\eyesengine\debug\vc120.pdb
c:\users\gaëtan\documents\c++\visual 2013\eyesengine\eyesengine\debug\vc120.idb
c:\users\gaëtan\documents\c++\visual 2013\eyesengine\eyesengine\debug\direct3dcamera.obj
c:\users\gaëtan\documents\c++\visual 2013\eyesengine\eyesengine\debug\direct3dmanager.obj
c:\users\gaëtan\documents\c++\visual 2013\eyesengine\eyesengine\debug\entitymodel.obj
c:\users\gaëtan\documents\c++\visual 2013\eyesengine\eyesengine\debug\entityplayer.obj
c:\users\gaëtan\documents\c++\visual 2013\eyesengine\eyesengine\debug\game.obj
c:\users\gaëtan\documents\c++\visual 2013\eyesengine\eyesengine\debug\game1.obj
c:\users\gaëtan\documents\c++\visual 2013\eyesengine\eyesengine\debug\heightmap.obj
c:\users\gaëtan\documents\c++\visual 2013\eyesengine\eyesengine\debug\map.obj
c:\users\gaëtan\documents\c++\visual 2013\eyesengine\eyesengine\debug\maploader.obj
c:\users\gaëtan\documents\c++\visual 2013\eyesengine\eyesengine\debug\math.obj
c:\users\gaëtan\documents\c++\visual 2013\eyesengine\eyesengine\debug\modelloader_obj.obj
c:\users\gaëtan\documents\c++\visual 2013\eyesengine\eyesengine\debug\modelloader_x.obj
c:\users\gaëtan\documents\c++\visual 2013\eyesengine\eyesengine\debug\winmain.obj
c:\users\gaëtan\documents\c++\visual 2013\eyesengine\debug\eyesengine.ilk
c:\users\gaëtan\documents\c++\visual 2013\eyesengine\debug\eyesengine.exe
c:\users\gaëtan\documents\c++\visual 2013\eyesengine\debug\eyesengine.pdb
c:\users\gaëtan\documents\c++\visual 2013\eyesengine\eyesengine\debug\eyesengine.tlog\cl.command.1.tlog
c:\users\gaëtan\documents\c++\visual 2013\eyesengine\eyesengine\debug\eyesengine.tlog\cl.read.1.tlog
c:\users\gaëtan\documents\c++\visual 2013\eyesengine\eyesengine\debug\eyesengine.tlog\cl.write.1.tlog
c:\users\gaëtan\documents\c++\visual 2013\eyesengine\eyesengine\debug\eyesengine.tlog\fxc.command.1.tlog
c:\users\gaëtan\documents\c++\visual 2013\eyesengine\eyesengine\debug\eyesengine.tlog\fxc.read.1.tlog
c:\users\gaëtan\documents\c++\visual 2013\eyesengine\eyesengine\debug\eyesengine.tlog\fxc.write.1.tlog
c:\users\gaëtan\documents\c++\visual 2013\eyesengine\eyesengine\debug\eyesengine.tlog\link.command.1.tlog
c:\users\gaëtan\documents\c++\visual 2013\eyesengine\eyesengine\debug\eyesengine.tlog\link.read.1.tlog
c:\users\gaëtan\documents\c++\visual 2013\eyesengine\eyesengine\debug\eyesengine.tlog\link.write.1.tlog
