c:\users\dezei\documents\c++\visual 2015\eyesengine (voxel)\eyesengine\eyesengine\debug\vc140.pdb
c:\users\dezei\documents\c++\visual 2015\eyesengine (voxel)\eyesengine\eyesengine\debug\vc140.idb
c:\users\dezei\documents\c++\visual 2015\eyesengine (voxel)\eyesengine\eyesengine\debug\block.nativecodeanalysis.xml
c:\users\dezei\documents\c++\visual 2015\eyesengine (voxel)\eyesengine\eyesengine\debug\blockmodel.nativecodeanalysis.xml
c:\users\dezei\documents\c++\visual 2015\eyesengine (voxel)\eyesengine\eyesengine\debug\chunk.nativecodeanalysis.xml
c:\users\dezei\documents\c++\visual 2015\eyesengine (voxel)\eyesengine\eyesengine\debug\crossmodel.nativecodeanalysis.xml
c:\users\dezei\documents\c++\visual 2015\eyesengine (voxel)\eyesengine\eyesengine\debug\debugscreen.nativecodeanalysis.xml
c:\users\dezei\documents\c++\visual 2015\eyesengine (voxel)\eyesengine\eyesengine\debug\direct3dfreeflycamera.h.nativecodeanalysis.xml
c:\users\dezei\documents\c++\visual 2015\eyesengine (voxel)\eyesengine\eyesengine\debug\direct3dmanager.nativecodeanalysis.xml
c:\users\dezei\documents\c++\visual 2015\eyesengine (voxel)\eyesengine\eyesengine\debug\entitymodel.nativecodeanalysis.xml
c:\users\dezei\documents\c++\visual 2015\eyesengine (voxel)\eyesengine\eyesengine\debug\entityplayer.nativecodeanalysis.xml
c:\users\dezei\documents\c++\visual 2015\eyesengine (voxel)\eyesengine\eyesengine\debug\game.nativecodeanalysis.xml
c:\users\dezei\documents\c++\visual 2015\eyesengine (voxel)\eyesengine\eyesengine\debug\game1.nativecodeanalysis.xml
c:\users\dezei\documents\c++\visual 2015\eyesengine (voxel)\eyesengine\eyesengine\debug\math.nativecodeanalysis.xml
c:\users\dezei\documents\c++\visual 2015\eyesengine (voxel)\eyesengine\eyesengine\debug\modelloader_x.nativecodeanalysis.xml
c:\users\dezei\documents\c++\visual 2015\eyesengine (voxel)\eyesengine\eyesengine\debug\textureslist.nativecodeanalysis.xml
c:\users\dezei\documents\c++\visual 2015\eyesengine (voxel)\eyesengine\eyesengine\debug\winmain.nativecodeanalysis.xml
c:\users\dezei\documents\c++\visual 2015\eyesengine (voxel)\eyesengine\eyesengine\debug\world.nativecodeanalysis.xml
c:\users\dezei\documents\c++\visual 2015\eyesengine (voxel)\eyesengine\eyesengine\debug\world.obj
c:\users\dezei\documents\c++\visual 2015\eyesengine (voxel)\eyesengine\eyesengine\debug\winmain.obj
c:\users\dezei\documents\c++\visual 2015\eyesengine (voxel)\eyesengine\eyesengine\debug\textureslist.obj
c:\users\dezei\documents\c++\visual 2015\eyesengine (voxel)\eyesengine\eyesengine\debug\modelloader_x.obj
c:\users\dezei\documents\c++\visual 2015\eyesengine (voxel)\eyesengine\eyesengine\debug\math.obj
c:\users\dezei\documents\c++\visual 2015\eyesengine (voxel)\eyesengine\eyesengine\debug\game1.obj
c:\users\dezei\documents\c++\visual 2015\eyesengine (voxel)\eyesengine\eyesengine\debug\game.obj
c:\users\dezei\documents\c++\visual 2015\eyesengine (voxel)\eyesengine\eyesengine\debug\entityplayer.obj
c:\users\dezei\documents\c++\visual 2015\eyesengine (voxel)\eyesengine\eyesengine\debug\entitymodel.obj
c:\users\dezei\documents\c++\visual 2015\eyesengine (voxel)\eyesengine\eyesengine\debug\direct3dmanager.obj
c:\users\dezei\documents\c++\visual 2015\eyesengine (voxel)\eyesengine\eyesengine\debug\direct3dfreeflycamera.h.obj
c:\users\dezei\documents\c++\visual 2015\eyesengine (voxel)\eyesengine\eyesengine\debug\debugscreen.obj
c:\users\dezei\documents\c++\visual 2015\eyesengine (voxel)\eyesengine\eyesengine\debug\crossmodel.obj
c:\users\dezei\documents\c++\visual 2015\eyesengine (voxel)\eyesengine\eyesengine\debug\chunk.obj
c:\users\dezei\documents\c++\visual 2015\eyesengine (voxel)\eyesengine\eyesengine\debug\blockmodel.obj
c:\users\dezei\documents\c++\visual 2015\eyesengine (voxel)\eyesengine\eyesengine\debug\block.obj
c:\users\dezei\documents\c++\visual 2015\eyesengine (voxel)\eyesengine\debug\eyesengine_client.ilk
c:\users\dezei\documents\c++\visual 2015\eyesengine (voxel)\eyesengine\debug\eyesengine_client.exe
c:\users\dezei\documents\c++\visual 2015\eyesengine (voxel)\eyesengine\debug\eyesengine_client.pdb
c:\users\dezei\documents\c++\visual 2015\eyesengine (voxel)\eyesengine\eyesengine\debug\eyesengine.vcxprojresolveassemblyreference.cache
c:\users\dezei\documents\c++\visual 2015\eyesengine (voxel)\eyesengine\eyesengine\debug\nativecodeanalysis.read.1.tlog
c:\users\dezei\documents\c++\visual 2015\eyesengine (voxel)\eyesengine\eyesengine\debug\vc.nativecodeanalysis.all.xml
c:\users\dezei\documents\c++\visual 2015\eyesengine (voxel)\eyesengine\debug\eyesengine_client.exe.lastcodeanalysissucceeded
c:\users\dezei\documents\c++\visual 2015\eyesengine (voxel)\eyesengine\eyesengine\debug\eyesengi.3505ab3c.tlog\cl.command.1.tlog
c:\users\dezei\documents\c++\visual 2015\eyesengine (voxel)\eyesengine\eyesengine\debug\eyesengi.3505ab3c.tlog\cl.read.1.tlog
c:\users\dezei\documents\c++\visual 2015\eyesengine (voxel)\eyesengine\eyesengine\debug\eyesengi.3505ab3c.tlog\cl.write.1.tlog
c:\users\dezei\documents\c++\visual 2015\eyesengine (voxel)\eyesengine\eyesengine\debug\eyesengi.3505ab3c.tlog\link.command.1.tlog
c:\users\dezei\documents\c++\visual 2015\eyesengine (voxel)\eyesengine\eyesengine\debug\eyesengi.3505ab3c.tlog\link.read.1.tlog
c:\users\dezei\documents\c++\visual 2015\eyesengine (voxel)\eyesengine\eyesengine\debug\eyesengi.3505ab3c.tlog\link.write.1.tlog
