c:\users\dezei\documents\c++\visual 2015\eyesengine (voxel)\fw_input\fw_input\debug\fw_input.pdb
c:\users\dezei\documents\c++\visual 2015\eyesengine (voxel)\fw_input\fw_input\debug\fw_input.idb
c:\users\dezei\documents\c++\visual 2015\eyesengine (voxel)\fw_input\fw_input\debug\fw_gamepad.nativecodeanalysis.xml
c:\users\dezei\documents\c++\visual 2015\eyesengine (voxel)\fw_input\fw_input\debug\fw_input.nativecodeanalysis.xml
c:\users\dezei\documents\c++\visual 2015\eyesengine (voxel)\fw_input\fw_input\debug\fw_keyboard.nativecodeanalysis.xml
c:\users\dezei\documents\c++\visual 2015\eyesengine (voxel)\fw_input\fw_input\debug\fw_mouse.nativecodeanalysis.xml
c:\users\dezei\documents\c++\visual 2015\eyesengine (voxel)\fw_input\fw_input\debug\fw_mouse.obj
c:\users\dezei\documents\c++\visual 2015\eyesengine (voxel)\fw_input\fw_input\debug\fw_keyboard.obj
c:\users\dezei\documents\c++\visual 2015\eyesengine (voxel)\fw_input\fw_input\debug\fw_input.obj
c:\users\dezei\documents\c++\visual 2015\eyesengine (voxel)\fw_input\fw_input\debug\fw_gamepad.obj
c:\users\dezei\documents\c++\visual 2015\eyesengine (voxel)\eyesengine\debug\fw_input.lib
c:\users\dezei\documents\c++\visual 2015\eyesengine (voxel)\fw_input\fw_input\debug\nativecodeanalysis.read.1.tlog
c:\users\dezei\documents\c++\visual 2015\eyesengine (voxel)\fw_input\fw_input\debug\vc.nativecodeanalysis.all.xml
c:\users\dezei\documents\c++\visual 2015\eyesengine (voxel)\eyesengine\debug\fw_input.pdb
c:\users\dezei\documents\c++\visual 2015\eyesengine (voxel)\eyesengine\debug\fw_input.lib.lastcodeanalysissucceeded
c:\users\dezei\documents\c++\visual 2015\eyesengine (voxel)\fw_input\fw_input\debug\fw_input.tlog\cl.command.1.tlog
c:\users\dezei\documents\c++\visual 2015\eyesengine (voxel)\fw_input\fw_input\debug\fw_input.tlog\cl.read.1.tlog
c:\users\dezei\documents\c++\visual 2015\eyesengine (voxel)\fw_input\fw_input\debug\fw_input.tlog\cl.write.1.tlog
c:\users\dezei\documents\c++\visual 2015\eyesengine (voxel)\fw_input\fw_input\debug\fw_input.tlog\lib-link.read.1.tlog
c:\users\dezei\documents\c++\visual 2015\eyesengine (voxel)\fw_input\fw_input\debug\fw_input.tlog\lib-link.write.1.tlog
c:\users\dezei\documents\c++\visual 2015\eyesengine (voxel)\fw_input\fw_input\debug\fw_input.tlog\lib.command.1.tlog
